npm warn cleanup Failed to remove some directories [
npm warn cleanup   [
npm warn cleanup     '\\\\?\\C:\\Users\\srava\\OneDrive\\Desktop\\repos\\crypto-clips-c\\node_modules\\@sentry',
npm warn cleanup     [Error: EPERM: operation not permitted, rmdir 'C:\Users\srava\OneDrive\Desktop\repos\crypto-clips-c\node_modules\@sentry\cli\scripts'] {
npm warn cleanup       errno: -4048,
npm warn cleanup       code: 'EPERM',
npm warn cleanup       syscall: 'rmdir',
npm warn cleanup       path: 'C:\\Users\\srava\\OneDrive\\Desktop\\repos\\crypto-clips-c\\node_modules\\@sentry\\cli\\scripts'
npm warn cleanup     }
npm warn cleanup   ],
npm warn cleanup   [
npm warn cleanup     '\\\\?\\C:\\Users\\srava\\OneDrive\\Desktop\\repos\\crypto-clips-c\\node_modules\\@sentry-internal',
npm warn cleanup     [Error: EPERM: operation not permitted, rmdir 'C:\Users\srava\OneDrive\Desktop\repos\crypto-clips-c\node_modules\@sentry-internal\replay\build'] {
npm warn cleanup       errno: -4048,
npm warn cleanup       code: 'EPERM',
npm warn cleanup       syscall: 'rmdir',
npm warn cleanup       path: 'C:\\Users\\srava\\OneDrive\\Desktop\\repos\\crypto-clips-c\\node_modules\\@sentry-internal\\replay\\build'
npm warn cleanup     }
npm warn cleanup   ],
npm warn cleanup   [
npm warn cleanup     '\\\\?\\C:\\Users\\srava\\OneDrive\\Desktop\\repos\\crypto-clips-c\\node_modules\\@sentry\\browser',
npm warn cleanup     [Error: EPERM: operation not permitted, rmdir 'C:\Users\srava\OneDrive\Desktop\repos\crypto-clips-c\node_modules\@sentry\browser\build'] {
npm warn cleanup       errno: -4048,
npm warn cleanup       code: 'EPERM',
npm warn cleanup       syscall: 'rmdir',
npm warn cleanup       path: 'C:\\Users\\srava\\OneDrive\\Desktop\\repos\\crypto-clips-c\\node_modules\\@sentry\\browser\\build'
npm warn cleanup     }
npm warn cleanup   ]
npm warn cleanup ]
npm error code ECONNRESET
npm error syscall read
npm error errno -4077
npm error network read ECONNRESET
npm error network This is a problem related to network connectivity.
npm error network In most cases you are behind a proxy or have bad network settings.
npm error network
npm error network If you are behind a proxy, please make sure that the
npm error network 'proxy' config is set properly.  See: 'npm help config'
npm error A complete log of this run can be found in: C:\Users\srava\AppData\Local\npm-cache\_logs\2025-09-10T08_58_40_462Z-debug-0.log
